<?xml version="1.0" encoding="UTF-8"?>
<!-- Generated by org.testng.reporters.JUnitXMLReporter -->
<testsuite hostname="Mrinals-MacBook-Pro.local" ignored="0" name="Default test" tests="3" failures="0" timestamp="06 Mar 2019 05:20:13 GMT" time="0.043" errors="0">
  <testcase name="A1" time="0.01" classname="TestNg.TestNgPractice"/>
  <testcase name="A2" time="0.002" classname="TestNg.TestNgPractice"/>
  <testcase name="A3" time="0.001" classname="TestNg.TestNgPractice"/>
</testsuite> <!-- Default test -->
