<?xml version="1.0" encoding="UTF-8"?>
<testng-results skipped="0" failed="0" ignored="0" total="3" passed="3">
  <reporter-output>
  </reporter-output>
  <suite name="Suite" duration-ms="6609" started-at="2019-03-06T09:23:08Z" finished-at="2019-03-06T09:23:15Z">
    <groups>
    </groups>
    <test name="Test" duration-ms="6609" started-at="2019-03-06T09:23:08Z" finished-at="2019-03-06T09:23:15Z">
      <class name="TestNg.TestNgPractice">
        <test-method status="PASS" signature="A1()[pri:0, instance:TestNg.TestNgPractice@33f88ab]" name="A1" duration-ms="6477" started-at="2019-03-06T09:23:08Z" finished-at="2019-03-06T09:23:15Z">
          <reporter-output>
          </reporter-output>
        </test-method> <!-- A1 -->
        <test-method status="PASS" signature="A2()[pri:0, instance:TestNg.TestNgPractice@33f88ab]" name="A2" duration-ms="6567" started-at="2019-03-06T09:23:08Z" finished-at="2019-03-06T09:23:15Z">
          <reporter-output>
          </reporter-output>
        </test-method> <!-- A2 -->
        <test-method status="PASS" signature="A3()[pri:0, instance:TestNg.TestNgPractice@33f88ab]" name="A3" duration-ms="10" started-at="2019-03-06T09:23:08Z" finished-at="2019-03-06T09:23:08Z">
          <reporter-output>
          </reporter-output>
        </test-method> <!-- A3 -->
      </class> <!-- TestNg.TestNgPractice -->
    </test> <!-- Test -->
  </suite> <!-- Suite -->
</testng-results>
